<?xml version="1.0" encoding="UTF-8"?>
<!-- Generated by org.testng.reporters.JUnitReportReporter -->
<testsuite skipped="0" hostname="BDC6-DX-3PF4N62" name="testmeapp.tests.OnlineShoppingTest" tests="4" failures="0" timestamp="23 Apr 2019 09:25:31 GMT" time="9.506" errors="0">
  <testcase name="testRegistration" time="3.350" classname="testmeapp.tests.OnlineShoppingTest"/>
  <testcase name="testLogin" time="0.837" classname="testmeapp.tests.OnlineShoppingTest"/>
  <testcase name="testCart" time="1.743" classname="testmeapp.tests.OnlineShoppingTest"/>
  <testcase name="testPayment" time="3.576" classname="testmeapp.tests.OnlineShoppingTest"/>
</testsuite> <!-- testmeapp.tests.OnlineShoppingTest -->
