<?xml version="1.0" encoding="UTF-8"?>
<!-- Generated by org.testng.reporters.JUnitReportReporter -->
<testsuite skipped="0" hostname="BDC6-DX-3PF4N62" name="com.test.TestMeAppLogin" tests="2" failures="0" timestamp="22 Apr 2019 07:13:18 GMT" time="12.659" errors="0">
  <testcase name="testLogin" time="5.677" classname="com.test.TestMeAppLogin"/>
  <testcase name="testLogin" time="6.982" classname="com.test.TestMeAppLogin"/>
</testsuite> <!-- com.test.TestMeAppLogin -->
