<?xml version="1.0" encoding="UTF-8"?>
<!-- Generated by org.testng.reporters.JUnitReportReporter -->
<testsuite skipped="0" hostname="BDC6-DX-3PF4N62" name="com.test.GoogleHomePageTest" tests="1" failures="0" timestamp="17 Apr 2019 04:46:16 GMT" time="4.291" errors="0">
  <testcase name="testGoogleHomePage" time="4.291" classname="com.test.GoogleHomePageTest"/>
</testsuite> <!-- com.test.GoogleHomePageTest -->
