<?xml version="1.0" encoding="UTF-8"?>
<!-- Generated by org.testng.reporters.JUnitReportReporter -->
<testsuite skipped="0" hostname="BDC6-DX-3PF4N62" name="com.test.TestToSwitchWindow" tests="1" failures="0" timestamp="22 Apr 2019 07:01:52 GMT" time="13.200" errors="0">
  <testcase name="testChennaiLoc" time="13.200" classname="com.test.TestToSwitchWindow"/>
</testsuite> <!-- com.test.TestToSwitchWindow -->
