<?xml version="1.0" encoding="UTF-8"?>
<!-- Generated by org.testng.reporters.JUnitReportReporter -->
<testsuite skipped="0" hostname="BDC6-DX-3PF4N62" name="com.test.testMeAppHover" tests="1" failures="0" timestamp="19 Apr 2019 05:24:59 GMT" time="9.916" errors="0">
  <testcase name="testChennaiLoc" time="9.916" classname="com.test.testMeAppHover"/>
</testsuite> <!-- com.test.testMeAppHover -->
