<?xml version="1.0" encoding="UTF-8"?>
<!-- Generated by org.testng.reporters.JUnitReportReporter -->
<testsuite skipped="0" hostname="BDC6-DX-3PF4N62" name="com.test.ObjectLocatorDemo" tests="1" failures="0" timestamp="17 Apr 2019 09:04:29 GMT" time="4.775" errors="0">
  <testcase name="testDemoWebShop" time="4.775" classname="com.test.ObjectLocatorDemo"/>
</testsuite> <!-- com.test.ObjectLocatorDemo -->
