<?xml version="1.0" encoding="UTF-8"?>
<!-- Generated by org.testng.reporters.JUnitReportReporter -->
<testsuite skipped="0" hostname="BDC6-DX-3PF4N62" name="com.test.TestDragAndDrop" tests="1" failures="0" timestamp="19 Apr 2019 06:56:58 GMT" time="17.717" errors="0">
  <testcase name="testDragAndDrop" time="17.717" classname="com.test.TestDragAndDrop"/>
</testsuite> <!-- com.test.TestDragAndDrop -->
